Arguments: 
  C:\Program Files\nodejs\node.exe C:\Users\wagne\AppData\Roaming\npm\node_modules\yarn\bin\yarn.js add bootstrap

PATH: 
  D:\WagnerGitee\apress-pro-jquery-2.0\3.x\Chapter01\node_modules\.bin;C:\Program Files (x86)\Common Files\Oracle\Java\javapath;C:\Program Files (x86)\VMware\VMware Workstation\bin\;C:\Python38\Scripts\;C:\Python38\;C:\WINDOWS\system32;C:\WINDOWS;C:\WINDOWS\System32\Wbem;C:\WINDOWS\System32\WindowsPowerShell\v1.0\;C:\Program Files\dotnet\;C:\Program Files\Microsoft SQL Server\130\Tools\Binn\;C:\Program Files\Microsoft SQL Server\Client SDK\ODBC\170\Tools\Binn\;C:\ProgramData\chocolatey\bin;C:\Program Files (x86)\dotnet\;C:\Program Files\Microsoft VS Code\bin;C:\Program Files\Microsoft SQL Server\120\Tools\Binn\;C:\Program Files (x86)\Microsoft SQL Server\150\Tools\Binn\;C:\Program Files\Microsoft SQL Server\150\Tools\Binn\;C:\Program Files\Microsoft SQL Server\150\DTS\Binn\;C:\Program Files (x86)\Microsoft Visual Studio\2019\Enterprise\MSBuild\Current\Bin;C:\Program Files (x86)\Microsoft SQL Server\150\DTS\Binn\;D:\Tools\NuGet;C:\Program Files (x86)\GitExtensions\;C:\shortcut;C:\Program Files (x86)\HP\Common\HPDestPlgIn\;C:\Program Files\TortoiseSVN\bin;D:\WagnerGithub\wagner\Wagner.Linqpad.Sample\NetStandard;C:\Program Files\Devart\Review Assistant;C:\Program Files\Redis\;C:\Windows\System32\OpenSSH;C:\OpenSSL-Win32\bin;C:\Program Files\Azure Data Studio\bin;C:\Program Files\EmEditor;C:\Program Files\MongoDB\Server\4.4\bin\;C:\Program Files\nodejs\;C:\GitStack\python;C:\GitStack\python\Scripts;C:\GitStack\php;C:\GitStack\git\cmd;C:\GitStack\git\bin;C:\Program Files\PowerShell\7\;C:\Program Files (x86)\IDM Computer Solutions\UltraFinder;C:\WINDOWS\System32\OpenSSH\;C:\Program Files\Git\cmd;C:\Users\wagne\Documents\PowerShell\Modules\ps2exe\1.0.10;C:\Users\wagne\.windows-build-tools\python27\;C:\Users\wagne\AppData\Local\Programs\Python\Python38-32\Scripts\;C:\Users\wagne\AppData\Local\Programs\Python\Python38-32\;C:\Users\wagne\AppData\Local\Microsoft\WindowsApps;C:\Program Files (x86)\HP\Common\HPDestPlgIn\;C:\Users\wagne\.dotnet\tools;C:\Users\wagne\AppData\Local\Programs\Fiddler;C:\Users\wagne;C:\Program Files\Azure Data Studio\bin;C:\Program Files\JetBrains\JetBrains Rider 2020.3\bin;C:\Program Files (x86)\Microsoft Visual Studio\2019\Preview\MSBuild\Current\Bin\;C:\Users\wagne\AppData\Roaming\npm;C:\Program Files\JetBrains\WebStorm 2020.3.2\bin;c:\JetBrains\JetBrains Rider 2020.3.2\bin;%USERPROFILE%\AppData\Local\Microsoft\WindowsApps;D:\Tools\MarkdownMonster\win-x86

Yarn version: 
  1.22.10

Node version: 
  14.15.5

Platform: 
  win32 x64

Trace: 
  SyntaxError: D:\WagnerGitee\apress-pro-jquery-2.0\3.x\Chapter01\package.json: Unexpected token u in JSON at position 271
      at JSON.parse (<anonymous>)
      at C:\Users\wagne\AppData\Roaming\npm\node_modules\yarn\lib\cli.js:1625:59
      at Generator.next (<anonymous>)
      at step (C:\Users\wagne\AppData\Roaming\npm\node_modules\yarn\lib\cli.js:310:30)
      at C:\Users\wagne\AppData\Roaming\npm\node_modules\yarn\lib\cli.js:321:13

npm manifest: 
  {
    "name": "Chapter01",
    "version": "1.0.0",
    "description": "",
    "main": "index.js",
    "scripts": {
      "test": "echo \"Error: no test specified\" && exit 1"
    },
    "keywords": [],
    "author": "",
    "license": "ISC",
    "dependencies": {
      "jquery": "^3.6.0"
    }
  }
  u

yarn manifest: 
  No manifest

Lockfile: 
  # THIS IS AN AUTOGENERATED FILE. DO NOT EDIT THIS FILE DIRECTLY.
  # yarn lockfile v1
  
  
  jquery@^3.6.0:
    version "3.6.0"
    resolved "https://registry.yarnpkg.com/jquery/-/jquery-3.6.0.tgz#c72a09f15c1bdce142f49dbf1170bdf8adac2470"
    integrity sha512-JVzAR/AjBvVt2BmYhxRCSYysDsPcssdmTFnzyLEts9qNwmjmu4JTAMYubEfwVOSwpQ1I1sKKFcxhZCI2buerfw==
